<?xml version="1.0" encoding="UTF-8"?>
<coverage generated="1639119987">
  <project timestamp="1639119987">
    <file name="D:\Julien\www\P8_ToDo_and_Co\src\Controller\DefaultController.php">
      <class name="App\Controller\DefaultController" namespace="global">
        <metrics complexity="1" methods="1" coveredmethods="1" conditionals="0" coveredconditionals="0" statements="1" coveredstatements="1" elements="2" coveredelements="2"/>
      </class>
      <line num="13" type="method" name="indexAction" visibility="public" complexity="1" crap="1" count="6"/>
      <line num="15" type="stmt" count="6"/>
      <metrics loc="17" ncloc="14" classes="1" methods="1" coveredmethods="1" conditionals="0" coveredconditionals="0" statements="1" coveredstatements="1" elements="2" coveredelements="2"/>
    </file>
    <file name="D:\Julien\www\P8_ToDo_and_Co\src\Controller\LoginController.php">
      <class name="App\Controller\LoginController" namespace="global">
        <metrics complexity="2" methods="1" coveredmethods="1" conditionals="0" coveredconditionals="0" statements="3" coveredstatements="3" elements="4" coveredelements="4"/>
      </class>
      <line num="15" type="method" name="index" visibility="public" complexity="1" crap="1" count="3"/>
      <line num="22" type="stmt" count="3"/>
      <line num="24" type="stmt" count="3"/>
      <line num="26" type="stmt" count="3"/>
      <metrics loc="38" ncloc="31" classes="1" methods="1" coveredmethods="1" conditionals="0" coveredconditionals="0" statements="3" coveredstatements="3" elements="4" coveredelements="4"/>
    </file>
    <file name="D:\Julien\www\P8_ToDo_and_Co\src\Controller\TaskController.php">
      <class name="App\Controller\TaskController" namespace="global">
        <metrics complexity="9" methods="5" coveredmethods="5" conditionals="0" coveredconditionals="0" statements="30" coveredstatements="30" elements="35" coveredelements="35"/>
      </class>
      <line num="21" type="method" name="listAction" visibility="public" complexity="1" crap="1" count="7"/>
      <line num="24" type="stmt" count="7"/>
      <line num="30" type="method" name="createAction" visibility="public" complexity="3" crap="3" count="1"/>
      <line num="32" type="stmt" count="1"/>
      <line num="33" type="stmt" count="1"/>
      <line num="35" type="stmt" count="1"/>
      <line num="37" type="stmt" count="1"/>
      <line num="38" type="stmt" count="1"/>
      <line num="39" type="stmt" count="1"/>
      <line num="40" type="stmt" count="1"/>
      <line num="42" type="stmt" count="1"/>
      <line num="43" type="stmt" count="1"/>
      <line num="45" type="stmt" count="1"/>
      <line num="47" type="stmt" count="1"/>
      <line num="50" type="stmt" count="1"/>
      <line num="56" type="method" name="editAction" visibility="public" complexity="3" crap="3" count="1"/>
      <line num="58" type="stmt" count="1"/>
      <line num="60" type="stmt" count="1"/>
      <line num="62" type="stmt" count="1"/>
      <line num="63" type="stmt" count="1"/>
      <line num="65" type="stmt" count="1"/>
      <line num="67" type="stmt" count="1"/>
      <line num="70" type="stmt" count="1"/>
      <line num="71" type="stmt" count="1"/>
      <line num="72" type="stmt" count="1"/>
      <line num="79" type="method" name="toggleTaskAction" visibility="public" complexity="1" crap="1" count="2"/>
      <line num="81" type="stmt" count="2"/>
      <line num="82" type="stmt" count="2"/>
      <line num="84" type="stmt" count="2"/>
      <line num="86" type="stmt" count="2"/>
      <line num="93" type="method" name="deleteTaskAction" visibility="public" complexity="1" crap="1" count="2"/>
      <line num="95" type="stmt" count="2"/>
      <line num="96" type="stmt" count="2"/>
      <line num="98" type="stmt" count="2"/>
      <line num="100" type="stmt" count="2"/>
      <metrics loc="102" ncloc="86" classes="1" methods="5" coveredmethods="5" conditionals="0" coveredconditionals="0" statements="30" coveredstatements="30" elements="35" coveredelements="35"/>
    </file>
    <file name="D:\Julien\www\P8_ToDo_and_Co\src\Controller\UserController.php">
      <class name="App\Controller\UserController" namespace="global">
        <metrics complexity="8" methods="3" coveredmethods="3" conditionals="0" coveredconditionals="0" statements="22" coveredstatements="22" elements="25" coveredelements="25"/>
      </class>
      <line num="21" type="method" name="listAction" visibility="public" complexity="1" crap="1" count="3"/>
      <line num="23" type="stmt" count="3"/>
      <line num="29" type="method" name="createAction" visibility="public" complexity="3" crap="3" count="1"/>
      <line num="31" type="stmt" count="1"/>
      <line num="32" type="stmt" count="1"/>
      <line num="34" type="stmt" count="1"/>
      <line num="36" type="stmt" count="1"/>
      <line num="37" type="stmt" count="1"/>
      <line num="38" type="stmt" count="1"/>
      <line num="40" type="stmt" count="1"/>
      <line num="41" type="stmt" count="1"/>
      <line num="43" type="stmt" count="1"/>
      <line num="45" type="stmt" count="1"/>
      <line num="48" type="stmt" count="1"/>
      <line num="55" type="method" name="editAction" visibility="public" complexity="4" crap="4" count="4"/>
      <line num="57" type="stmt" count="4"/>
      <line num="59" type="stmt" count="4"/>
      <line num="61" type="stmt" count="4"/>
      <line num="62" type="stmt" count="1"/>
      <line num="63" type="stmt" count="1"/>
      <line num="64" type="stmt" count="1"/>
      <line num="67" type="stmt" count="1"/>
      <line num="69" type="stmt" count="1"/>
      <line num="71" type="stmt" count="1"/>
      <line num="74" type="stmt" count="4"/>
      <metrics loc="76" ncloc="66" classes="1" methods="3" coveredmethods="3" conditionals="0" coveredconditionals="0" statements="22" coveredstatements="22" elements="25" coveredelements="25"/>
    </file>
    <file name="D:\Julien\www\P8_ToDo_and_Co\src\Entity\Task.php">
      <class name="App\Entity\Task" namespace="global">
        <metrics complexity="11" methods="11" coveredmethods="11" conditionals="0" coveredconditionals="0" statements="16" coveredstatements="16" elements="27" coveredelements="27"/>
      </class>
      <line num="49" type="method" name="getId" visibility="public" complexity="1" crap="1" count="7"/>
      <line num="51" type="stmt" count="7"/>
      <line num="54" type="method" name="getCreatedAt" visibility="public" complexity="1" crap="1" count="1"/>
      <line num="56" type="stmt" count="1"/>
      <line num="59" type="method" name="setCreatedAt" visibility="public" complexity="1" crap="1" count="41"/>
      <line num="61" type="stmt" count="41"/>
      <line num="63" type="stmt" count="41"/>
      <line num="66" type="method" name="getTitle" visibility="public" complexity="1" crap="1" count="7"/>
      <line num="68" type="stmt" count="7"/>
      <line num="71" type="method" name="setTitle" visibility="public" complexity="1" crap="1" count="41"/>
      <line num="73" type="stmt" count="41"/>
      <line num="75" type="stmt" count="41"/>
      <line num="78" type="method" name="getContent" visibility="public" complexity="1" crap="1" count="7"/>
      <line num="80" type="stmt" count="7"/>
      <line num="83" type="method" name="setContent" visibility="public" complexity="1" crap="1" count="41"/>
      <line num="85" type="stmt" count="41"/>
      <line num="87" type="stmt" count="41"/>
      <line num="90" type="method" name="getIsDone" visibility="public" complexity="1" crap="1" count="7"/>
      <line num="92" type="stmt" count="7"/>
      <line num="95" type="method" name="toggle" visibility="public" complexity="1" crap="1" count="41"/>
      <line num="97" type="stmt" count="41"/>
      <line num="99" type="stmt" count="41"/>
      <line num="102" type="method" name="getAuthor" visibility="public" complexity="1" crap="1" count="9"/>
      <line num="104" type="stmt" count="9"/>
      <line num="107" type="method" name="setAuthor" visibility="public" complexity="1" crap="1" count="41"/>
      <line num="109" type="stmt" count="41"/>
      <line num="111" type="stmt" count="41"/>
      <metrics loc="113" ncloc="87" classes="1" methods="11" coveredmethods="11" conditionals="0" coveredconditionals="0" statements="16" coveredstatements="16" elements="27" coveredelements="27"/>
    </file>
    <file name="D:\Julien\www\P8_ToDo_and_Co\src\Entity\User.php">
      <class name="App\Entity\User" namespace="global">
        <metrics complexity="19" methods="16" coveredmethods="16" conditionals="0" coveredconditionals="0" statements="29" coveredstatements="29" elements="45" coveredelements="45"/>
      </class>
      <line num="58" type="method" name="__construct" visibility="public" complexity="1" crap="1" count="41"/>
      <line num="60" type="stmt" count="41"/>
      <line num="61" type="stmt" count="41"/>
      <line num="68" type="method" name="getUserIdentifier" visibility="public" complexity="1" crap="1" count="19"/>
      <line num="70" type="stmt" count="19"/>
      <line num="73" type="method" name="getId" visibility="public" complexity="1" crap="1" count="5"/>
      <line num="75" type="stmt" count="5"/>
      <line num="81" type="method" name="getUsername" visibility="public" complexity="1" crap="1" count="12"/>
      <line num="83" type="stmt" count="12"/>
      <line num="86" type="method" name="setUsername" visibility="public" complexity="1" crap="1" count="41"/>
      <line num="88" type="stmt" count="41"/>
      <line num="90" type="stmt" count="41"/>
      <line num="96" type="method" name="getRoles" visibility="public" complexity="1" crap="1" count="19"/>
      <line num="98" type="stmt" count="19"/>
      <line num="100" type="stmt" count="19"/>
      <line num="102" type="stmt" count="19"/>
      <line num="105" type="method" name="setRoles" visibility="public" complexity="1" crap="1" count="41"/>
      <line num="107" type="stmt" count="41"/>
      <line num="109" type="stmt" count="41"/>
      <line num="115" type="method" name="getPassword" visibility="public" complexity="1" crap="1" count="21"/>
      <line num="117" type="stmt" count="21"/>
      <line num="120" type="method" name="setPassword" visibility="public" complexity="1" crap="1" count="41"/>
      <line num="122" type="stmt" count="41"/>
      <line num="124" type="stmt" count="41"/>
      <line num="133" type="method" name="getSalt" visibility="public" complexity="1" crap="1" count="21"/>
      <line num="135" type="stmt" count="21"/>
      <line num="141" type="method" name="eraseCredentials" visibility="public" complexity="1" crap="1" count="1"/>
      <line num="145" type="stmt" count="1"/>
      <line num="147" type="method" name="getEmail" visibility="public" complexity="1" crap="1" count="6"/>
      <line num="149" type="stmt" count="6"/>
      <line num="152" type="method" name="setEmail" visibility="public" complexity="1" crap="1" count="41"/>
      <line num="154" type="stmt" count="41"/>
      <line num="156" type="stmt" count="41"/>
      <line num="162" type="method" name="getTasks" visibility="public" complexity="1" crap="1" count="41"/>
      <line num="164" type="stmt" count="41"/>
      <line num="167" type="method" name="addTask" visibility="public" complexity="2" crap="2" count="41"/>
      <line num="169" type="stmt" count="41"/>
      <line num="170" type="stmt" count="41"/>
      <line num="171" type="stmt" count="41"/>
      <line num="174" type="stmt" count="41"/>
      <line num="177" type="method" name="removeTask" visibility="public" complexity="3" crap="3" count="1"/>
      <line num="179" type="stmt" count="1"/>
      <line num="181" type="stmt" count="1"/>
      <line num="182" type="stmt" count="1"/>
      <line num="186" type="stmt" count="1"/>
      <metrics loc="188" ncloc="133" classes="1" methods="16" coveredmethods="16" conditionals="0" coveredconditionals="0" statements="29" coveredstatements="29" elements="45" coveredelements="45"/>
    </file>
    <file name="D:\Julien\www\P8_ToDo_and_Co\src\Form\TaskType.php">
      <class name="App\Form\TaskType" namespace="global">
        <metrics complexity="1" methods="1" coveredmethods="1" conditionals="0" coveredconditionals="0" statements="3" coveredstatements="3" elements="4" coveredelements="4"/>
      </class>
      <line num="11" type="method" name="buildForm" visibility="public" complexity="1" crap="1" count="2"/>
      <line num="14" type="stmt" count="2"/>
      <line num="15" type="stmt" count="2"/>
      <line num="18" type="stmt" count="2"/>
      <metrics loc="19" ncloc="19" classes="1" methods="1" coveredmethods="1" conditionals="0" coveredconditionals="0" statements="3" coveredstatements="3" elements="4" coveredelements="4"/>
    </file>
    <file name="D:\Julien\www\P8_ToDo_and_Co\src\Form\UserType.php">
      <class name="App\Form\UserType" namespace="global">
        <metrics complexity="5" methods="2" coveredmethods="2" conditionals="0" coveredconditionals="0" statements="11" coveredstatements="11" elements="13" coveredelements="13"/>
      </class>
      <line num="22" type="method" name="__construct" visibility="public" complexity="1" crap="1" count="5"/>
      <line num="24" type="stmt" count="5"/>
      <line num="25" type="stmt" count="5"/>
      <line num="27" type="method" name="buildForm" visibility="public" complexity="4" crap="4" count="5"/>
      <line num="30" type="stmt" count="5"/>
      <line num="31" type="stmt" count="5"/>
      <line num="32" type="stmt" count="5"/>
      <line num="33" type="stmt" count="4"/>
      <line num="34" type="stmt" count="4"/>
      <line num="41" type="stmt" count="5"/>
      <line num="42" type="stmt" count="3"/>
      <line num="43" type="stmt" count="3"/>
      <line num="48" type="stmt" count="5"/>
      <metrics loc="49" ncloc="49" classes="1" methods="2" coveredmethods="2" conditionals="0" coveredconditionals="0" statements="11" coveredstatements="11" elements="13" coveredelements="13"/>
    </file>
    <file name="D:\Julien\www\P8_ToDo_and_Co\src\Repository\TaskRepository.php">
      <class name="App\Repository\TaskRepository" namespace="global">
        <metrics complexity="2" methods="2" coveredmethods="2" conditionals="0" coveredconditionals="0" statements="7" coveredstatements="7" elements="9" coveredelements="9"/>
      </class>
      <line num="18" type="method" name="__construct" visibility="public" complexity="1" crap="1" count="9"/>
      <line num="20" type="stmt" count="9"/>
      <line num="21" type="stmt" count="9"/>
      <line num="23" type="method" name="findOthersTasks" visibility="public" complexity="1" crap="1" count="7"/>
      <line num="25" type="stmt" count="7"/>
      <line num="26" type="stmt" count="7"/>
      <line num="27" type="stmt" count="7"/>
      <line num="28" type="stmt" count="7"/>
      <line num="29" type="stmt" count="7"/>
      <metrics loc="60" ncloc="27" classes="1" methods="2" coveredmethods="2" conditionals="0" coveredconditionals="0" statements="7" coveredstatements="7" elements="9" coveredelements="9"/>
    </file>
    <file name="D:\Julien\www\P8_ToDo_and_Co\src\Repository\UserRepository.php">
      <class name="App\Repository\UserRepository" namespace="global">
        <metrics complexity="3" methods="1" coveredmethods="1" conditionals="0" coveredconditionals="0" statements="2" coveredstatements="2" elements="3" coveredelements="3"/>
      </class>
      <line num="20" type="method" name="__construct" visibility="public" complexity="1" crap="1" count="22"/>
      <line num="22" type="stmt" count="22"/>
      <line num="23" type="stmt" count="22"/>
      <metrics loc="68" ncloc="31" classes="1" methods="1" coveredmethods="1" conditionals="0" coveredconditionals="0" statements="2" coveredstatements="2" elements="3" coveredelements="3"/>
    </file>
    <file name="D:\Julien\www\P8_ToDo_and_Co\src\Security\Voter\TaskVoter.php">
      <class name="App\Security\Voter\TaskVoter" namespace="global">
        <metrics complexity="7" methods="2" coveredmethods="1" conditionals="0" coveredconditionals="0" statements="8" coveredstatements="6" elements="10" coveredelements="7"/>
      </class>
      <line num="12" type="method" name="supports" visibility="protected" complexity="2" crap="2" count="26"/>
      <line num="16" type="stmt" count="26"/>
      <line num="17" type="stmt" count="26"/>
      <line num="20" type="method" name="voteOnAttribute" visibility="protected" complexity="5" crap="5.93" count="3"/>
      <line num="22" type="stmt" count="3"/>
      <line num="24" type="stmt" count="3"/>
      <line num="25" type="stmt" count="0"/>
      <line num="30" type="stmt" count="3"/>
      <line num="32" type="stmt" count="3"/>
      <line num="35" type="stmt" count="0"/>
      <metrics loc="37" ncloc="32" classes="1" methods="2" coveredmethods="1" conditionals="0" coveredconditionals="0" statements="8" coveredstatements="6" elements="10" coveredelements="7"/>
    </file>
    <file name="D:\Julien\www\P8_ToDo_and_Co\src\Security\Voter\UserVoter.php">
      <class name="App\Security\Voter\UserVoter" namespace="global">
        <metrics complexity="7" methods="2" coveredmethods="1" conditionals="0" coveredconditionals="0" statements="11" coveredstatements="9" elements="13" coveredelements="10"/>
      </class>
      <line num="13" type="method" name="supports" visibility="protected" complexity="2" crap="2" count="25"/>
      <line num="17" type="stmt" count="25"/>
      <line num="18" type="stmt" count="25"/>
      <line num="21" type="method" name="voteOnAttribute" visibility="protected" complexity="5" crap="5.27" count="5"/>
      <line num="23" type="stmt" count="5"/>
      <line num="25" type="stmt" count="5"/>
      <line num="26" type="stmt" count="0"/>
      <line num="30" type="stmt" count="5"/>
      <line num="31" type="stmt" count="5"/>
      <line num="32" type="stmt" count="5"/>
      <line num="34" type="stmt" count="4"/>
      <line num="35" type="stmt" count="4"/>
      <line num="39" type="stmt" count="0"/>
      <metrics loc="42" ncloc="38" classes="1" methods="2" coveredmethods="1" conditionals="0" coveredconditionals="0" statements="11" coveredstatements="9" elements="13" coveredelements="10"/>
    </file>
    <metrics files="12" loc="809" ncloc="613" classes="12" methods="47" coveredmethods="45" conditionals="0" coveredconditionals="0" statements="143" coveredstatements="139" elements="190" coveredelements="184"/>
  </project>
</coverage>
